*** Starting uWSGI 2.0.10 (64bit) on [Fri Jun 19 16:50:51 2015] ***
compiled with version: 4.8.2 on 19 June 2015 14:48:24
os: Linux-3.13.0-32-generic #57-Ubuntu SMP Tue Jul 15 03:51:08 UTC 2014
nodename: yafet-W35xSTQ-370ST
machine: x86_64
clock source: unix
detected number of CPU cores: 4
current working directory: /home/yafet/projects/pillr
detected binary path: /usr/local/bin/uwsgi
!!! no internal routing support, rebuild with pcre support !!!
uWSGI running as root, you can use --uid/--gid/--chroot options
*** WARNING: you are running uWSGI as root !!! (use the --uid flag) *** 
*** WARNING: you are running uWSGI without its master process manager ***
your processes number limit is 63079
your memory page size is 4096 bytes
detected max file descriptor number: 1024
lock engine: pthread robust mutexes
thunder lock: disabled (you can enable it with --thunder-lock)
uwsgi socket 0 bound to UNIX address pillr.sock fd 3
Python version: 2.7.6 (default, Mar 22 2014, 23:03:41)  [GCC 4.8.2]
*** Python threads support is disabled. You can enable it with --enable-threads ***
Python main interpreter initialized at 0x13fe7c0
your server socket listen backlog is limited to 100 connections
your mercy for graceful operations on workers is 60 seconds
mapped 145536 bytes (142 KB) for 2 cores
*** Operational MODE: preforking ***
WSGI app 0 (mountpoint='') ready in 0 seconds on interpreter 0x13fe7c0 pid: 14150 (default app)
*** uWSGI is running in multiple interpreter mode ***
spawned uWSGI worker 1 (pid: 14150, cores: 1)
spawned uWSGI worker 2 (pid: 14153, cores: 1)
*** Starting uWSGI 2.0.10 (64bit) on [Fri Jun 19 16:50:55 2015] ***
compiled with version: 4.8.2 on 19 June 2015 14:48:24
os: Linux-3.13.0-32-generic #57-Ubuntu SMP Tue Jul 15 03:51:08 UTC 2014
nodename: yafet-W35xSTQ-370ST
machine: x86_64
clock source: unix
detected number of CPU cores: 4
current working directory: /home/yafet/projects/pillr
detected binary path: /usr/local/bin/uwsgi
!!! no internal routing support, rebuild with pcre support !!!
uWSGI running as root, you can use --uid/--gid/--chroot options
*** WARNING: you are running uWSGI as root !!! (use the --uid flag) *** 
*** WARNING: you are running uWSGI without its master process manager ***
your processes number limit is 63079
your memory page size is 4096 bytes
detected max file descriptor number: 1024
lock engine: pthread robust mutexes
thunder lock: disabled (you can enable it with --thunder-lock)
uwsgi socket 0 bound to UNIX address pillr.sock fd 3
Python version: 2.7.6 (default, Mar 22 2014, 23:03:41)  [GCC 4.8.2]
*** Python threads support is disabled. You can enable it with --enable-threads ***
Python main interpreter initialized at 0x1bef7c0
your server socket listen backlog is limited to 100 connections
your mercy for graceful operations on workers is 60 seconds
mapped 145536 bytes (142 KB) for 2 cores
*** Operational MODE: preforking ***
WSGI app 0 (mountpoint='') ready in 0 seconds on interpreter 0x1bef7c0 pid: 14165 (default app)
*** uWSGI is running in multiple interpreter mode ***
spawned uWSGI worker 1 (pid: 14165, cores: 1)
spawned uWSGI worker 2 (pid: 14168, cores: 1)
*** Starting uWSGI 2.0.10 (64bit) on [Fri Jun 19 16:54:54 2015] ***
compiled with version: 4.8.2 on 19 June 2015 14:48:24
os: Linux-3.13.0-32-generic #57-Ubuntu SMP Tue Jul 15 03:51:08 UTC 2014
nodename: yafet-W35xSTQ-370ST
machine: x86_64
clock source: unix
detected number of CPU cores: 4
current working directory: /home/yafet/projects/pillr
detected binary path: /usr/local/bin/uwsgi
!!! no internal routing support, rebuild with pcre support !!!
uWSGI running as root, you can use --uid/--gid/--chroot options
*** WARNING: you are running uWSGI as root !!! (use the --uid flag) *** 
*** WARNING: you are running uWSGI without its master process manager ***
your processes number limit is 63079
your memory page size is 4096 bytes
detected max file descriptor number: 1024
lock engine: pthread robust mutexes
thunder lock: disabled (you can enable it with --thunder-lock)
uwsgi socket 0 bound to UNIX address pillr.sock fd 3
Python version: 2.7.6 (default, Mar 22 2014, 23:03:41)  [GCC 4.8.2]
*** Python threads support is disabled. You can enable it with --enable-threads ***
Python main interpreter initialized at 0x1b207a0
your server socket listen backlog is limited to 100 connections
your mercy for graceful operations on workers is 60 seconds
mapped 145536 bytes (142 KB) for 2 cores
*** Operational MODE: preforking ***
WSGI app 0 (mountpoint='') ready in 0 seconds on interpreter 0x1b207a0 pid: 14347 (default app)
*** uWSGI is running in multiple interpreter mode ***
spawned uWSGI worker 1 (pid: 14347, cores: 1)
spawned uWSGI worker 2 (pid: 14350, cores: 1)
*** Starting uWSGI 2.0.10 (64bit) on [Fri Jun 19 16:54:57 2015] ***
compiled with version: 4.8.2 on 19 June 2015 14:48:24
os: Linux-3.13.0-32-generic #57-Ubuntu SMP Tue Jul 15 03:51:08 UTC 2014
nodename: yafet-W35xSTQ-370ST
machine: x86_64
clock source: unix
detected number of CPU cores: 4
current working directory: /home/yafet/projects/pillr
detected binary path: /usr/local/bin/uwsgi
!!! no internal routing support, rebuild with pcre support !!!
uWSGI running as root, you can use --uid/--gid/--chroot options
*** WARNING: you are running uWSGI as root !!! (use the --uid flag) *** 
*** WARNING: you are running uWSGI without its master process manager ***
your processes number limit is 63079
your memory page size is 4096 bytes
detected max file descriptor number: 1024
lock engine: pthread robust mutexes
thunder lock: disabled (you can enable it with --thunder-lock)
uwsgi socket 0 bound to UNIX address pillr.sock fd 3
Python version: 2.7.6 (default, Mar 22 2014, 23:03:41)  [GCC 4.8.2]
*** Python threads support is disabled. You can enable it with --enable-threads ***
Python main interpreter initialized at 0xd517a0
your server socket listen backlog is limited to 100 connections
your mercy for graceful operations on workers is 60 seconds
mapped 145536 bytes (142 KB) for 2 cores
*** Operational MODE: preforking ***
WSGI app 0 (mountpoint='') ready in 0 seconds on interpreter 0xd517a0 pid: 14361 (default app)
*** uWSGI is running in multiple interpreter mode ***
spawned uWSGI worker 1 (pid: 14361, cores: 1)
spawned uWSGI worker 2 (pid: 14364, cores: 1)
[pid: 14364|app: 0|req: 1/1] 127.0.0.1 () {40 vars in 634 bytes} [Fri Jun 19 20:55:14 2015] GET / => generated 3267 bytes in 20 msecs (HTTP/1.1 200) 3 headers in 102 bytes (1 switches on core 0)
[pid: 14364|app: 0|req: 2/2] 127.0.0.1 () {40 vars in 634 bytes} [Fri Jun 19 20:56:00 2015] GET / => generated 3267 bytes in 5 msecs (HTTP/1.1 200) 3 headers in 102 bytes (1 switches on core 0)
[pid: 14364|app: 0|req: 3/3] 127.0.0.1 () {40 vars in 634 bytes} [Fri Jun 19 20:56:05 2015] GET / => generated 3267 bytes in 3 msecs (HTTP/1.1 200) 3 headers in 102 bytes (1 switches on core 0)
[pid: 14364|app: 0|req: 4/4] 127.0.0.1 () {40 vars in 654 bytes} [Fri Jun 19 20:56:40 2015] GET /dashboard/ => generated 0 bytes in 3 msecs (HTTP/1.1 302) 4 headers in 168 bytes (1 switches on core 0)
[pid: 14364|app: 0|req: 5/5] 127.0.0.1 () {40 vars in 691 bytes} [Fri Jun 19 20:56:40 2015] GET /users/login/?next=/dashboard/ => generated 1821 bytes in 3 msecs (HTTP/1.1 200) 4 headers in 224 bytes (1 switches on core 0)
[pid: 14364|app: 0|req: 6/6] 127.0.0.1 () {40 vars in 634 bytes} [Fri Jun 19 21:08:46 2015] GET / => generated 3267 bytes in 4 msecs (HTTP/1.1 200) 3 headers in 102 bytes (2 switches on core 0)
[pid: 14364|app: 0|req: 7/7] 127.0.0.1 () {40 vars in 634 bytes} [Fri Jun 19 21:08:49 2015] GET / => generated 3267 bytes in 3 msecs (HTTP/1.1 200) 3 headers in 102 bytes (1 switches on core 0)
